
2017-05-23 02:40:33...Begin System Check Process *************
2017-05-23 02:40:33...XML Parsing Support Found
2017-05-23 02:40:33...MBString Support Found
2017-05-23 02:40:33...ERROR:: ZIP support not found: SuiteCRM needs ZIP support in order to process compressed files.
2017-05-23 02:40:33.../custom directory and subdirectory check passed
2017-05-23 02:40:33...cache directory and subdirectory check passed
2017-05-23 02:40:33.../module  directory and subdirectory check passed
2017-05-23 02:40:33.../upload directory check passed
2017-05-23 02:40:33...ERROR: Zip support not found.
2017-05-23 02:40:33...PCRE version check passed
2017-05-23 02:40:33...installerHook: Could not find custom/install/install_hooks.php
2017-05-23 02:40:33...php.ini location found. /etc/php/7.0/apache2/php.ini
2017-05-23 02:40:33...Outputting HTML for System check
2017-05-23 02:40:33...Errors were found *************
2017-05-23 02:42:47...Begin System Check Process *************
2017-05-23 02:42:47...XML Parsing Support Found
2017-05-23 02:42:47...MBString Support Found
2017-05-23 02:42:47...ZIP Support Found
2017-05-23 02:42:47.../custom directory and subdirectory check passed
2017-05-23 02:42:47...cache directory and subdirectory check passed
2017-05-23 02:42:47.../module  directory and subdirectory check passed
2017-05-23 02:42:47.../upload directory check passed
2017-05-23 02:42:47.../zip check passed
2017-05-23 02:42:47...PCRE version check passed
2017-05-23 02:42:47...installerHook: Could not find custom/install/install_hooks.php
2017-05-23 02:42:47...php.ini location found. /etc/php/7.0/apache2/php.ini
2017-05-23 02:42:47...Outputting HTML for System check
2017-05-23 02:42:47...No Errors were found *************
2017-05-23 02:42:47...installerHook: Could not find custom/install/install_hooks.php
2017-05-23 02:44:39...installerHook: Could not find custom/install/install_hooks.php
2017-05-23 02:44:43...Begin System Check Process *************
2017-05-23 02:44:43...XML Parsing Support Found
2017-05-23 02:44:43...MBString Support Found
2017-05-23 02:44:43...ZIP Support Found
2017-05-23 02:44:43.../custom directory and subdirectory check passed
2017-05-23 02:44:43...cache directory and subdirectory check passed
2017-05-23 02:44:44.../module  directory and subdirectory check passed
2017-05-23 02:44:44.../upload directory check passed
2017-05-23 02:44:44.../zip check passed
2017-05-23 02:44:44...PCRE version check passed
2017-05-23 02:44:44...installerHook: Could not find custom/install/install_hooks.php
2017-05-23 02:44:44...php.ini location found. /etc/php/7.0/apache2/php.ini
2017-05-23 02:44:44...Outputting HTML for System check
2017-05-23 02:44:44...No Errors were found *************
2017-05-23 02:44:44...installerHook: Could not find custom/install/install_hooks.php
2017-05-23 02:44:56...installerHook: Could not find custom/install/install_hooks.php
2017-05-23 02:45:52...Begin DB Check Process *************
2017-05-23 02:45:52...testing with mysql:mysqli
2017-05-23 02:45:52...Basic form info is valid, continuing Process.
2017-05-23 02:45:52...Testing user account...
2017-05-23 02:45:52...Connection made using  host: localhost, usr: root
2017-05-23 02:45:52...SUCCESS:: no errors detected!
2017-05-23 02:45:52...End DB Check Process *************
2017-05-23 02:45:52...installerHook: Could not find custom/install/install_hooks.php
2017-05-23 02:45:52...calling handleSugarConfig()
2017-05-23 02:45:52...calling handleHtaccess()
2017-05-23 02:45:52...calling handleDbCreateDatabase()
2017-05-23 02:45:52...looping through all the Beans and create their tables
2017-05-23 02:45:52...processing table acl_actions
2017-05-23 02:45:53...creating table acl_actions
2017-05-23 02:45:53...creating Relationship Meta for ACLAction
2017-05-23 02:45:53...processing table acl_roles
2017-05-23 02:45:53...creating table acl_roles
2017-05-23 02:45:53...creating Relationship Meta for ACLRole
2017-05-23 02:45:53...processing table relationships
2017-05-23 02:45:54...creating table relationships
2017-05-23 02:45:54...creating Relationship Meta for Relationship
2017-05-23 02:45:54...processing table leads
2017-05-23 02:45:57...creating table leads
2017-05-23 02:45:57...creating Relationship Meta for Lead
2017-05-23 02:45:58...processing table cases
2017-05-23 02:46:03...creating table cases
2017-05-23 02:46:03...creating Relationship Meta for Case
2017-05-23 02:46:03...processing table bugs
2017-05-23 02:46:06...creating table bugs
2017-05-23 02:46:06...creating Relationship Meta for Bug
2017-05-23 02:46:06...processing table users
2017-05-23 02:46:08...creating table users
2017-05-23 02:46:08...creating Relationship Meta for User
2017-05-23 02:46:08...processing table campaign_log
2017-05-23 02:46:09...creating table campaign_log
2017-05-23 02:46:09...creating Relationship Meta for CampaignLog
2017-05-23 02:46:09...processing table project
2017-05-23 02:46:11...creating table project
2017-05-23 02:46:11...creating Relationship Meta for Project
2017-05-23 02:46:11...processing table project_task
2017-05-23 02:46:13...creating table project_task
2017-05-23 02:46:13...creating Relationship Meta for ProjectTask
2017-05-23 02:46:14...processing table campaigns
2017-05-23 02:46:16...creating table campaigns
2017-05-23 02:46:16...creating Relationship Meta for Campaign
2017-05-23 02:46:17...processing table prospect_lists
2017-05-23 02:46:19...creating table prospect_lists
2017-05-23 02:46:19...creating Relationship Meta for ProspectList
2017-05-23 02:46:19...processing table prospects
2017-05-23 02:46:21...creating table prospects
2017-05-23 02:46:21...creating Relationship Meta for Prospect
2017-05-23 02:46:23...processing table email_marketing
2017-05-23 02:46:27...creating table email_marketing
2017-05-23 02:46:27...creating Relationship Meta for EmailMarketing
2017-05-23 02:46:27...processing table campaign_trkrs
2017-05-23 02:46:28...creating table campaign_trkrs
2017-05-23 02:46:28...creating Relationship Meta for CampaignTracker
2017-05-23 02:46:28...processing table releases
2017-05-23 02:46:29...creating table releases
2017-05-23 02:46:29...creating Relationship Meta for Release
2017-05-23 02:46:29...processing table emailman
2017-05-23 02:46:30...creating table emailman
2017-05-23 02:46:30...creating Relationship Meta for EmailMan
2017-05-23 02:46:30...processing table schedulers
2017-05-23 02:46:31...creating table schedulers
2017-05-23 02:46:31...creating Relationship Meta for Scheduler
2017-05-23 02:46:31...processing table job_queue
2017-05-23 02:46:32...creating table job_queue
2017-05-23 02:46:32...creating Relationship Meta for SchedulersJob
2017-05-23 02:46:32...processing table contacts
2017-05-23 02:46:35...creating table contacts
2017-05-23 02:46:35...creating Relationship Meta for Contact
2017-05-23 02:46:37...processing table accounts
2017-05-23 02:46:39...creating table accounts
2017-05-23 02:46:39...creating Relationship Meta for Account
2017-05-23 02:46:42...processing table opportunities
2017-05-23 02:46:45...creating table opportunities
2017-05-23 02:46:45...creating Relationship Meta for Opportunity
2017-05-23 02:46:46...processing table email_templates
2017-05-23 02:46:47...creating table email_templates
2017-05-23 02:46:47...creating Relationship Meta for EmailTemplate
2017-05-23 02:46:47...processing table notes
2017-05-23 02:46:49...creating table notes
2017-05-23 02:46:49...creating Relationship Meta for Note
2017-05-23 02:46:50...processing table calls
2017-05-23 02:46:51...creating table calls
2017-05-23 02:46:51...creating Relationship Meta for Call
2017-05-23 02:46:52...processing table emails
2017-05-23 02:46:54...creating table emails
2017-05-23 02:46:54...creating Relationship Meta for Email
2017-05-23 02:46:55...processing table meetings
2017-05-23 02:46:57...creating table meetings
2017-05-23 02:46:57...creating Relationship Meta for Meeting
2017-05-23 02:46:57...processing table tasks
2017-05-23 02:47:02...creating table tasks
2017-05-23 02:47:02...creating Relationship Meta for Task
2017-05-23 02:47:03...processing table users
2017-05-23 02:47:03...processing table users
2017-05-23 02:47:03...processing table currencies
2017-05-23 02:47:04...creating table currencies
2017-05-23 02:47:04...creating Relationship Meta for Currency
2017-05-23 02:47:04...processing table tracker
2017-05-23 02:47:06...creating table tracker
2017-05-23 02:47:06...creating Relationship Meta for Tracker
2017-05-23 02:47:06...processing table import_maps
2017-05-23 02:47:07...creating table import_maps
2017-05-23 02:47:07...creating Relationship Meta for ImportMap
2017-05-23 02:47:07...processing table users_last_import
2017-05-23 02:47:08...creating table users_last_import
2017-05-23 02:47:08...creating Relationship Meta for UsersLastImport
2017-05-23 02:47:08...processing table config
2017-05-23 02:47:09...creating table config
2017-05-23 02:47:09...creating Relationship Meta for Administration
2017-05-23 02:47:09...processing table upgrade_history
2017-05-23 02:47:10...creating table upgrade_history
2017-05-23 02:47:10...creating Relationship Meta for UpgradeHistory
2017-05-23 02:47:10...processing table vcals
2017-05-23 02:47:11...creating table vcals
2017-05-23 02:47:11...creating Relationship Meta for vCal
2017-05-23 02:47:11...processing table alerts
2017-05-23 02:47:12...creating table alerts
2017-05-23 02:47:12...creating Relationship Meta for Alert
2017-05-23 02:47:12...processing table roles
2017-05-23 02:47:13...creating table roles
2017-05-23 02:47:13...creating Relationship Meta for Role
2017-05-23 02:47:13...processing table documents
2017-05-23 02:47:15...creating table documents
2017-05-23 02:47:15...creating Relationship Meta for Document
2017-05-23 02:47:15...processing table document_revisions
2017-05-23 02:47:16...creating table document_revisions
2017-05-23 02:47:16...creating Relationship Meta for DocumentRevision
2017-05-23 02:47:16...processing table fields_meta_data
2017-05-23 02:47:17...creating table fields_meta_data
2017-05-23 02:47:17...creating Relationship Meta for FieldsMetaData
2017-05-23 02:47:17...processing table inbound_email
2017-05-23 02:47:18...creating table inbound_email
2017-05-23 02:47:18...creating Relationship Meta for InboundEmail
2017-05-23 02:47:18...processing table saved_search
2017-05-23 02:47:19...creating table saved_search
2017-05-23 02:47:19...creating Relationship Meta for SavedSearch
2017-05-23 02:47:19...processing table user_preferences
2017-05-23 02:47:20...creating table user_preferences
2017-05-23 02:47:20...creating Relationship Meta for UserPreference
2017-05-23 02:47:20...processing table 
2017-05-23 02:47:20...processing table email_addresses
2017-05-23 02:47:20...creating table email_addresses
2017-05-23 02:47:20...creating Relationship Meta for EmailAddress
2017-05-23 02:47:20...processing table emails_text
2017-05-23 02:47:21...creating table emails_text
2017-05-23 02:47:21...creating Relationship Meta for EmailText
2017-05-23 02:47:21...processing table spots
2017-05-23 02:47:22...creating table spots
2017-05-23 02:47:22...creating Relationship Meta for Spots
2017-05-23 02:47:23...processing table aobh_businesshours
2017-05-23 02:47:23...creating table aobh_businesshours
2017-05-23 02:47:23...creating Relationship Meta for AOBH_BusinessHours
2017-05-23 02:47:23...processing table sugarfeed
2017-05-23 02:47:25...creating table sugarfeed
2017-05-23 02:47:25...creating Relationship Meta for SugarFeed
2017-05-23 02:47:25...processing table eapm
2017-05-23 02:47:28...creating table eapm
2017-05-23 02:47:28...creating Relationship Meta for EAPM
2017-05-23 02:47:28...processing table oauth_consumer
2017-05-23 02:47:29...creating table oauth_consumer
2017-05-23 02:47:29...creating Relationship Meta for OAuthKey
2017-05-23 02:47:29...processing table oauth_tokens
2017-05-23 02:47:30...creating table oauth_tokens
2017-05-23 02:47:30...creating Relationship Meta for OAuthToken
2017-05-23 02:47:30...processing table am_projecttemplates
2017-05-23 02:47:33...creating table am_projecttemplates
2017-05-23 02:47:33...creating Relationship Meta for AM_ProjectTemplates
2017-05-23 02:47:33...processing table am_tasktemplates
2017-05-23 02:47:36...creating table am_tasktemplates
2017-05-23 02:47:36...creating Relationship Meta for AM_TaskTemplates
2017-05-23 02:47:36...processing table favorites
2017-05-23 02:47:37...creating table favorites
2017-05-23 02:47:37...creating Relationship Meta for Favorites
2017-05-23 02:47:37...processing table aok_knowledge_base_categories
2017-05-23 02:47:40...creating table aok_knowledge_base_categories
2017-05-23 02:47:40...creating Relationship Meta for AOK_Knowledge_Base_Categories
2017-05-23 02:47:41...processing table aok_knowledgebase
2017-05-23 02:47:43...creating table aok_knowledgebase
2017-05-23 02:47:43...creating Relationship Meta for AOK_KnowledgeBase
2017-05-23 02:47:43...processing table reminders
2017-05-23 02:47:45...creating table reminders
2017-05-23 02:47:45...creating Relationship Meta for Reminder
2017-05-23 02:47:45...processing table reminders_invitees
2017-05-23 02:47:46...creating table reminders_invitees
2017-05-23 02:47:46...creating Relationship Meta for Reminder_Invitee
2017-05-23 02:47:47...processing table fp_events
2017-05-23 02:47:49...creating table fp_events
2017-05-23 02:47:49...creating Relationship Meta for FP_events
2017-05-23 02:47:49...processing table fp_event_locations
2017-05-23 02:47:52...creating table fp_event_locations
2017-05-23 02:47:52...creating Relationship Meta for FP_Event_Locations
2017-05-23 02:47:52...processing table aod_indexevent
2017-05-23 02:47:56...creating table aod_indexevent
2017-05-23 02:47:56...creating Relationship Meta for AOD_IndexEvent
2017-05-23 02:47:57...processing table aod_index
2017-05-23 02:48:00...creating table aod_index
2017-05-23 02:48:00...creating Relationship Meta for AOD_Index
2017-05-23 02:48:00...processing table aop_case_events
2017-05-23 02:48:04...creating table aop_case_events
2017-05-23 02:48:04...creating Relationship Meta for AOP_Case_Events
2017-05-23 02:48:04...processing table aop_case_updates
2017-05-23 02:48:06...creating table aop_case_updates
2017-05-23 02:48:06...creating Relationship Meta for AOP_Case_Updates
2017-05-23 02:48:07...processing table aor_reports
2017-05-23 02:48:09...creating table aor_reports
2017-05-23 02:48:09...creating Relationship Meta for AOR_Report
2017-05-23 02:48:10...processing table aor_fields
2017-05-23 02:48:11...creating table aor_fields
2017-05-23 02:48:11...creating Relationship Meta for AOR_Field
2017-05-23 02:48:11...processing table aor_charts
2017-05-23 02:48:12...creating table aor_charts
2017-05-23 02:48:12...creating Relationship Meta for AOR_Chart
2017-05-23 02:48:13...processing table aor_conditions
2017-05-23 02:48:16...creating table aor_conditions
2017-05-23 02:48:16...creating Relationship Meta for AOR_Condition
2017-05-23 02:48:16...processing table aor_scheduled_reports
2017-05-23 02:48:19...creating table aor_scheduled_reports
2017-05-23 02:48:19...creating Relationship Meta for AOR_Scheduled_Reports
2017-05-23 02:48:19...processing table aos_contracts
2017-05-23 02:48:22...creating table aos_contracts
2017-05-23 02:48:22...creating Relationship Meta for AOS_Contracts
2017-05-23 02:48:24...processing table aos_invoices
2017-05-23 02:48:28...creating table aos_invoices
2017-05-23 02:48:28...creating Relationship Meta for AOS_Invoices
2017-05-23 02:48:29...processing table aos_pdf_templates
2017-05-23 02:48:31...creating table aos_pdf_templates
2017-05-23 02:48:31...creating Relationship Meta for AOS_PDF_Templates
2017-05-23 02:48:32...processing table aos_product_categories
2017-05-23 02:48:34...creating table aos_product_categories
2017-05-23 02:48:34...creating Relationship Meta for AOS_Product_Categories
2017-05-23 02:48:34...processing table aos_products
2017-05-23 02:48:36...creating table aos_products
2017-05-23 02:48:36...creating Relationship Meta for AOS_Products
2017-05-23 02:48:36...processing table aos_products_quotes
2017-05-23 02:48:38...creating table aos_products_quotes
2017-05-23 02:48:38...creating Relationship Meta for AOS_Products_Quotes
2017-05-23 02:48:38...processing table aos_line_item_groups
2017-05-23 02:48:39...creating table aos_line_item_groups
2017-05-23 02:48:39...creating Relationship Meta for AOS_Line_Item_Groups
2017-05-23 02:48:40...processing table aos_quotes
2017-05-23 02:48:42...creating table aos_quotes
2017-05-23 02:48:42...creating Relationship Meta for AOS_Quotes
2017-05-23 02:48:42...processing table aow_actions
2017-05-23 02:48:43...creating table aow_actions
2017-05-23 02:48:43...creating Relationship Meta for AOW_Action
2017-05-23 02:48:43...processing table aow_workflow
2017-05-23 02:48:45...creating table aow_workflow
2017-05-23 02:48:45...creating Relationship Meta for AOW_WorkFlow
2017-05-23 02:48:46...processing table aow_processed
2017-05-23 02:48:47...creating table aow_processed
2017-05-23 02:48:47...creating Relationship Meta for AOW_Processed
2017-05-23 02:48:48...processing table aow_conditions
2017-05-23 02:48:49...creating table aow_conditions
2017-05-23 02:48:49...creating Relationship Meta for AOW_Condition
2017-05-23 02:48:49...processing table jjwg_maps
2017-05-23 02:48:51...creating table jjwg_maps
2017-05-23 02:48:51...creating Relationship Meta for jjwg_Maps
2017-05-23 02:48:53...processing table jjwg_markers
2017-05-23 02:48:56...creating table jjwg_markers
2017-05-23 02:48:56...creating Relationship Meta for jjwg_Markers
2017-05-23 02:48:57...processing table jjwg_areas
2017-05-23 02:49:00...creating table jjwg_areas
2017-05-23 02:49:00...creating Relationship Meta for jjwg_Areas
2017-05-23 02:49:00...processing table jjwg_address_cache
2017-05-23 02:49:03...creating table jjwg_address_cache
2017-05-23 02:49:03...creating Relationship Meta for jjwg_Address_Cache
2017-05-23 02:49:03...processing table calls_reschedule
2017-05-23 02:49:06...creating table calls_reschedule
2017-05-23 02:49:06...creating Relationship Meta for Calls_Reschedule
2017-05-23 02:49:06...processing table securitygroups
2017-05-23 02:49:08...creating table securitygroups
2017-05-23 02:49:08...creating Relationship Meta for SecurityGroup
2017-05-23 02:49:08...processing table outbound_email
2017-05-23 02:49:10...creating table outbound_email
2017-05-23 02:49:10...creating Relationship Meta for OutboundEmailAccounts
2017-05-23 02:49:10...processing table templatesectionline
2017-05-23 02:49:12...creating table templatesectionline
2017-05-23 02:49:12...creating Relationship Meta for TemplateSectionLine
2017-05-23 02:51:01...Begin creating Defaults
2017-05-23 02:51:01...insert defaults into config table
2017-05-23 02:51:02...Creating default users
2017-05-23 02:51:03...Creating default scheduler jobs
2017-05-23 02:51:05...Enable SugarFeeds
2017-05-23 02:51:06...Installation has completed *********
2017-05-23 02:53:08...populating the db with seed data
2017-05-23 02:53:08...Save configuration settings..
2017-05-23 02:53:08...save locale
2017-05-23 02:53:08...new Administration
2017-05-23 02:53:08...retrieveSettings
2017-05-23 02:53:08...AdminWizard OFF
2017-05-23 02:53:08...saveConfig
2017-05-23 02:53:08...new Configurator
2017-05-23 02:53:08...populateFromPost
2017-05-23 02:53:08...handleOverride
2017-05-23 02:53:08...saveConfig
2017-05-23 02:53:08...new Currency
2017-05-23 02:53:08...retrieve
2017-05-23 02:53:08...DBG: save currency
2017-05-23 02:53:08...Save user settings..
2017-05-23 02:53:08...DBG: SugarThemeRegistry::getDefault
2017-05-23 02:53:08...DBG: require modules/Users/Save.php